2022-03-17 09:43:59.932  WARN 14084 --- [Test worker] ory$DuplicateJsonObjectContextCustomizer : 

Found multiple occurrences of org.json.JSONObject on the class path:

	jar:file:/C:/Users/JYU/.gradle/caches/modules-2/files-2.1/org.json/json/20200518/41a767de4bde8f01d53856b905c49b2db8862f13/json-20200518.jar!/org/json/JSONObject.class
	jar:file:/C:/Users/JYU/.gradle/caches/modules-2/files-2.1/com.vaadin.external.google/android-json/0.0.20131108.vaadin1/fa26d351fe62a6a17f5cda1287c1c6110dec413f/android-json-0.0.20131108.vaadin1.jar!/org/json/JSONObject.class

You may wish to exclude one of them to ensure predictable runtime behavior

2022-03-17 09:43:59.951  INFO 14084 --- [Test worker] com.ssafy.dotori.DotoriApplicationTests  : Starting DotoriApplicationTests using Java 1.8.0_192 on DESKTOP-IRR17EI with PID 14084 (started by JYU in C:\Users\JYU\Desktop\dotori\backend)
2022-03-17 09:43:59.952 DEBUG 14084 --- [Test worker] com.ssafy.dotori.DotoriApplicationTests  : Running with Spring Boot v2.4.5, Spring v5.3.6
2022-03-17 09:43:59.954  INFO 14084 --- [Test worker] com.ssafy.dotori.DotoriApplicationTests  : No active profile set, falling back to default profiles: default
2022-03-17 09:43:59.989 DEBUG 14084 --- [Test worker] o.s.w.c.s.GenericWebApplicationContext   : Refreshing org.springframework.web.context.support.GenericWebApplicationContext@878452d
2022-03-17 09:44:00.750  INFO 14084 --- [Test worker] .s.d.r.c.RepositoryConfigurationDelegate : Multiple Spring Data modules found, entering strict repository configuration mode!
2022-03-17 09:44:00.752  INFO 14084 --- [Test worker] .s.d.r.c.RepositoryConfigurationDelegate : Bootstrapping Spring Data JDBC repositories in DEFAULT mode.
2022-03-17 09:44:00.761  INFO 14084 --- [Test worker] .s.d.r.c.RepositoryConfigurationDelegate : Finished Spring Data repository scanning in 5 ms. Found 0 JDBC repository interfaces.
2022-03-17 09:44:00.770  INFO 14084 --- [Test worker] .s.d.r.c.RepositoryConfigurationDelegate : Multiple Spring Data modules found, entering strict repository configuration mode!
2022-03-17 09:44:00.771  INFO 14084 --- [Test worker] .s.d.r.c.RepositoryConfigurationDelegate : Bootstrapping Spring Data JPA repositories in DEFAULT mode.
2022-03-17 09:44:00.776  INFO 14084 --- [Test worker] .s.d.r.c.RepositoryConfigurationDelegate : Finished Spring Data repository scanning in 1 ms. Found 0 JPA repository interfaces.
2022-03-17 09:44:01.412  INFO 14084 --- [Test worker] o.hibernate.jpa.internal.util.LogHelper  : HHH000204: Processing PersistenceUnitInfo [name: default]
2022-03-17 09:44:01.465  INFO 14084 --- [Test worker] org.hibernate.Version                    : HHH000412: Hibernate ORM core version 5.4.30.Final
2022-03-17 09:44:01.608  INFO 14084 --- [Test worker] o.hibernate.annotations.common.Version   : HCANN000001: Hibernate Commons Annotations {5.1.2.Final}
2022-03-17 09:44:01.722  INFO 14084 --- [Test worker] com.zaxxer.hikari.HikariDataSource       : HikariPool-1 - Starting...
2022-03-17 09:44:01.998  INFO 14084 --- [Test worker] com.zaxxer.hikari.HikariDataSource       : HikariPool-1 - Start completed.
2022-03-17 09:44:02.017  INFO 14084 --- [Test worker] org.hibernate.dialect.Dialect            : HHH000400: Using dialect: org.hibernate.dialect.MySQL57Dialect
2022-03-17 09:44:02.328  INFO 14084 --- [Test worker] o.h.e.t.j.p.i.JtaPlatformInitiator       : HHH000490: Using JtaPlatform implementation: [org.hibernate.engine.transaction.jta.platform.internal.NoJtaPlatform]
2022-03-17 09:44:02.337  INFO 14084 --- [Test worker] j.LocalContainerEntityManagerFactoryBean : Initialized JPA EntityManagerFactory for persistence unit 'default'
2022-03-17 09:44:02.638  WARN 14084 --- [Test worker] JpaBaseConfiguration$JpaWebConfiguration : spring.jpa.open-in-view is enabled by default. Therefore, database queries may be performed during view rendering. Explicitly configure spring.jpa.open-in-view to disable this warning
2022-03-17 09:44:02.807 DEBUG 14084 --- [Test worker] s.w.s.m.m.a.RequestMappingHandlerMapping : 7 mappings in 'requestMappingHandlerMapping'
2022-03-17 09:44:03.287  INFO 14084 --- [Test worker] o.s.s.concurrent.ThreadPoolTaskExecutor  : Initializing ExecutorService 'applicationTaskExecutor'
2022-03-17 09:44:03.303 DEBUG 14084 --- [Test worker] s.w.s.m.m.a.RequestMappingHandlerAdapter : ControllerAdvice beans: 0 @ModelAttribute, 0 @InitBinder, 1 RequestBodyAdvice, 1 ResponseBodyAdvice
2022-03-17 09:44:03.369 DEBUG 14084 --- [Test worker] o.s.w.s.handler.SimpleUrlHandlerMapping  : Patterns [/swagger-ui/] in 'viewControllerHandlerMapping'
2022-03-17 09:44:03.395 DEBUG 14084 --- [Test worker] o.s.w.s.c.annotation.WebMvcConfigurer    : Default resource handling disabled
2022-03-17 09:44:03.398 DEBUG 14084 --- [Test worker] o.s.w.s.handler.SimpleUrlHandlerMapping  : Patterns [/swagger-ui/**] in 'resourceHandlerMapping'
2022-03-17 09:44:03.412 DEBUG 14084 --- [Test worker] .m.m.a.ExceptionHandlerExceptionResolver : ControllerAdvice beans: 0 @ExceptionHandler, 1 ResponseBodyAdvice
2022-03-17 09:44:04.092  INFO 14084 --- [Test worker] com.ssafy.dotori.DotoriApplicationTests  : Started DotoriApplicationTests in 4.435 seconds (JVM running for 5.605)
2022-03-17 09:44:04.200 DEBUG 14084 --- [SpringContextShutdownHook] o.s.w.c.s.GenericWebApplicationContext   : Closing org.springframework.web.context.support.GenericWebApplicationContext@878452d, started on Thu Mar 17 09:43:59 KST 2022
2022-03-17 09:44:04.204  INFO 14084 --- [SpringContextShutdownHook] o.s.s.concurrent.ThreadPoolTaskExecutor  : Shutting down ExecutorService 'applicationTaskExecutor'
2022-03-17 09:44:04.207  INFO 14084 --- [SpringContextShutdownHook] j.LocalContainerEntityManagerFactoryBean : Closing JPA EntityManagerFactory for persistence unit 'default'
2022-03-17 09:44:04.209  INFO 14084 --- [SpringContextShutdownHook] com.zaxxer.hikari.HikariDataSource       : HikariPool-1 - Shutdown initiated...
2022-03-17 09:44:04.212  INFO 14084 --- [SpringContextShutdownHook] com.zaxxer.hikari.HikariDataSource       : HikariPool-1 - Shutdown completed.
2022-03-17 09:44:20.412  INFO 1476 --- [restartedMain] com.ssafy.dotori.DotoriApplication       : Starting DotoriApplication using Java 1.8.0_192 on DESKTOP-IRR17EI with PID 1476 (C:\Users\JYU\Desktop\dotori\backend\build\classes\java\main started by JYU in C:\Users\JYU\Desktop\dotori\backend)
2022-03-17 09:44:20.415 DEBUG 1476 --- [restartedMain] com.ssafy.dotori.DotoriApplication       : Running with Spring Boot v2.4.5, Spring v5.3.6
2022-03-17 09:44:20.415  INFO 1476 --- [restartedMain] com.ssafy.dotori.DotoriApplication       : No active profile set, falling back to default profiles: default
2022-03-17 09:44:20.467  INFO 1476 --- [restartedMain] .e.DevToolsPropertyDefaultsPostProcessor : Devtools property defaults active! Set 'spring.devtools.add-properties' to 'false' to disable
2022-03-17 09:44:20.467  INFO 1476 --- [restartedMain] .e.DevToolsPropertyDefaultsPostProcessor : For additional web related logging consider setting the 'logging.level.web' property to 'DEBUG'
2022-03-17 09:44:21.312  INFO 1476 --- [restartedMain] .s.d.r.c.RepositoryConfigurationDelegate : Multiple Spring Data modules found, entering strict repository configuration mode!
2022-03-17 09:44:21.314  INFO 1476 --- [restartedMain] .s.d.r.c.RepositoryConfigurationDelegate : Bootstrapping Spring Data JDBC repositories in DEFAULT mode.
2022-03-17 09:44:21.323  INFO 1476 --- [restartedMain] .s.d.r.c.RepositoryConfigurationDelegate : Finished Spring Data repository scanning in 5 ms. Found 0 JDBC repository interfaces.
2022-03-17 09:44:21.333  INFO 1476 --- [restartedMain] .s.d.r.c.RepositoryConfigurationDelegate : Multiple Spring Data modules found, entering strict repository configuration mode!
2022-03-17 09:44:21.335  INFO 1476 --- [restartedMain] .s.d.r.c.RepositoryConfigurationDelegate : Bootstrapping Spring Data JPA repositories in DEFAULT mode.
2022-03-17 09:44:21.341  INFO 1476 --- [restartedMain] .s.d.r.c.RepositoryConfigurationDelegate : Finished Spring Data repository scanning in 1 ms. Found 0 JPA repository interfaces.
2022-03-17 09:44:22.056  INFO 1476 --- [restartedMain] o.s.b.w.embedded.tomcat.TomcatWebServer  : Tomcat initialized with port(s): 8080 (http)
2022-03-17 09:44:22.067  INFO 1476 --- [restartedMain] o.apache.catalina.core.StandardService   : Starting service [Tomcat]
2022-03-17 09:44:22.067  INFO 1476 --- [restartedMain] org.apache.catalina.core.StandardEngine  : Starting Servlet engine: [Apache Tomcat/9.0.45]
2022-03-17 09:44:22.156  INFO 1476 --- [restartedMain] o.a.c.c.C.[.[localhost].[/dotori]        : Initializing Spring embedded WebApplicationContext
2022-03-17 09:44:22.156  INFO 1476 --- [restartedMain] w.s.c.ServletWebServerApplicationContext : Root WebApplicationContext: initialization completed in 1688 ms
2022-03-17 09:44:22.344  INFO 1476 --- [restartedMain] o.hibernate.jpa.internal.util.LogHelper  : HHH000204: Processing PersistenceUnitInfo [name: default]
2022-03-17 09:44:22.403  INFO 1476 --- [restartedMain] org.hibernate.Version                    : HHH000412: Hibernate ORM core version 5.4.30.Final
2022-03-17 09:44:22.552  INFO 1476 --- [restartedMain] o.hibernate.annotations.common.Version   : HCANN000001: Hibernate Commons Annotations {5.1.2.Final}
2022-03-17 09:44:22.661  INFO 1476 --- [restartedMain] com.zaxxer.hikari.HikariDataSource       : HikariPool-1 - Starting...
2022-03-17 09:44:22.901  INFO 1476 --- [restartedMain] com.zaxxer.hikari.HikariDataSource       : HikariPool-1 - Start completed.
2022-03-17 09:44:22.920  INFO 1476 --- [restartedMain] org.hibernate.dialect.Dialect            : HHH000400: Using dialect: org.hibernate.dialect.MySQL57Dialect
2022-03-17 09:44:23.177  INFO 1476 --- [restartedMain] o.h.e.t.j.p.i.JtaPlatformInitiator       : HHH000490: Using JtaPlatform implementation: [org.hibernate.engine.transaction.jta.platform.internal.NoJtaPlatform]
2022-03-17 09:44:23.186  INFO 1476 --- [restartedMain] j.LocalContainerEntityManagerFactoryBean : Initialized JPA EntityManagerFactory for persistence unit 'default'
2022-03-17 09:44:23.198  INFO 1476 --- [restartedMain] o.s.b.d.a.OptionalLiveReloadServer       : LiveReload server is running on port 35729
2022-03-17 09:44:23.398  WARN 1476 --- [restartedMain] JpaBaseConfiguration$JpaWebConfiguration : spring.jpa.open-in-view is enabled by default. Therefore, database queries may be performed during view rendering. Explicitly configure spring.jpa.open-in-view to disable this warning
2022-03-17 09:44:23.492 DEBUG 1476 --- [restartedMain] s.w.s.m.m.a.RequestMappingHandlerMapping : 7 mappings in 'requestMappingHandlerMapping'
2022-03-17 09:44:23.646  INFO 1476 --- [restartedMain] o.s.s.concurrent.ThreadPoolTaskExecutor  : Initializing ExecutorService 'applicationTaskExecutor'
2022-03-17 09:44:23.655 DEBUG 1476 --- [restartedMain] s.w.s.m.m.a.RequestMappingHandlerAdapter : ControllerAdvice beans: 0 @ModelAttribute, 0 @InitBinder, 1 RequestBodyAdvice, 1 ResponseBodyAdvice
2022-03-17 09:44:23.698 DEBUG 1476 --- [restartedMain] o.s.w.s.handler.SimpleUrlHandlerMapping  : Patterns [/swagger-ui/] in 'viewControllerHandlerMapping'
2022-03-17 09:44:23.707 DEBUG 1476 --- [restartedMain] o.s.w.s.c.annotation.WebMvcConfigurer    : Default resource handling disabled
2022-03-17 09:44:23.712 DEBUG 1476 --- [restartedMain] o.s.w.s.handler.SimpleUrlHandlerMapping  : Patterns [/swagger-ui/**] in 'resourceHandlerMapping'
2022-03-17 09:44:23.721 DEBUG 1476 --- [restartedMain] .m.m.a.ExceptionHandlerExceptionResolver : ControllerAdvice beans: 0 @ExceptionHandler, 1 ResponseBodyAdvice
2022-03-17 09:44:23.951  INFO 1476 --- [restartedMain] o.s.b.w.embedded.tomcat.TomcatWebServer  : Tomcat started on port(s): 8080 (http) with context path '/dotori'
2022-03-17 09:44:24.184  INFO 1476 --- [restartedMain] com.ssafy.dotori.DotoriApplication       : Started DotoriApplication in 4.164 seconds (JVM running for 4.695)
